[0.085s] Invoking command in '/home/f1/f1tenth_ws/src/build/path_follow': CMAKE_PREFIX_PATH=/opt/ros/foxy /usr/bin/cmake /home/f1/f1tenth_ws/src/path_follow -DCMAKE_INSTALL_PREFIX=/home/f1/f1tenth_ws/src/install/path_follow
[0.829s] -- The C compiler identification is GNU 9.4.0
[1.364s] -- The CXX compiler identification is GNU 9.4.0
[1.399s] -- Check for working C compiler: /usr/bin/cc
[2.016s] -- Check for working C compiler: /usr/bin/cc -- works
[2.033s] -- Detecting C compiler ABI info
[2.683s] -- Detecting C compiler ABI info - done
[2.794s] -- Detecting C compile features
[2.799s] -- Detecting C compile features - done
[2.818s] -- Check for working CXX compiler: /usr/bin/c++
[3.550s] -- Check for working CXX compiler: /usr/bin/c++ -- works
[3.565s] -- Detecting CXX compiler ABI info
[4.263s] -- Detecting CXX compiler ABI info - done
[4.334s] -- Detecting CXX compile features
[4.337s] -- Detecting CXX compile features - done
[4.354s] -- Found ament_cmake: 0.9.12 (/opt/ros/foxy/share/ament_cmake/cmake)
[4.525s] -- Found PythonInterp: /usr/bin/python3 (found suitable version "3.8.10", minimum required is "3") 
[4.527s] -- Using PYTHON_EXECUTABLE: /usr/bin/python3
[6.150s] -- Found rclcpp: 2.4.3 (/opt/ros/foxy/share/rclcpp/cmake)
[6.415s] -- Using all available rosidl_typesupport_c: rosidl_typesupport_fastrtps_c;rosidl_typesupport_introspection_c
[6.454s] -- Found rosidl_adapter: 1.3.1 (/opt/ros/foxy/share/rosidl_adapter/cmake)
[7.365s] -- Found OpenSSL: /usr/lib/aarch64-linux-gnu/libcrypto.so (found version "1.1.1f")  
[7.563s] -- Found FastRTPS: /opt/ros/foxy/include  
[8.202s] -- Using all available rosidl_typesupport_cpp: rosidl_typesupport_fastrtps_cpp;rosidl_typesupport_introspection_cpp
[8.600s] -- Found rmw_implementation_cmake: 1.0.4 (/opt/ros/foxy/share/rmw_implementation_cmake/cmake)
[8.609s] -- Using RMW implementation 'rmw_fastrtps_cpp' as default
[8.622s] -- Looking for pthread.h
[9.392s] -- Looking for pthread.h - found
[9.397s] -- Performing Test CMAKE_HAVE_LIBC_PTHREAD
[10.021s] -- Performing Test CMAKE_HAVE_LIBC_PTHREAD - Failed
[10.023s] -- Looking for pthread_create in pthreads
[10.599s] -- Looking for pthread_create in pthreads - not found
[10.601s] -- Looking for pthread_create in pthread
[11.215s] -- Looking for pthread_create in pthread - found
[11.224s] -- Found Threads: TRUE  
[12.110s] -- Found geometry_msgs: 2.0.5 (/opt/ros/foxy/share/geometry_msgs/cmake)
[12.349s] -- Found nav_msgs: 2.0.5 (/opt/ros/foxy/share/nav_msgs/cmake)
[12.712s] -- Found sensor_msgs: 2.0.5 (/opt/ros/foxy/share/sensor_msgs/cmake)
[13.079s] -- Found tf2: 0.13.14 (/opt/ros/foxy/share/tf2/cmake)
[13.143s] -- Found tf2_ros: 0.13.14 (/opt/ros/foxy/share/tf2_ros/cmake)
[15.242s] -- Found tf2_geometry_msgs: 0.13.14 (/opt/ros/foxy/share/tf2_geometry_msgs/cmake)
[15.285s] -- Found eigen3_cmake_module: 0.1.1 (/opt/ros/foxy/share/eigen3_cmake_module/cmake)
[15.312s] -- Found Eigen3: TRUE (found version "3.3.7") 
[15.494s] -- Found ackermann_msgs: 2.0.2 (/opt/ros/foxy/share/ackermann_msgs/cmake)
[15.760s] -- Found OpenCV: /usr (found version "4.5.4") 
[15.786s] -- Found ament_lint_auto: 0.9.8 (/opt/ros/foxy/share/ament_lint_auto/cmake)
[16.372s] -- Added test 'copyright' to check source files copyright and LICENSE
[16.381s] -- Added test 'cppcheck' to perform static code analysis on C / C++ code
[16.383s] -- Configured cppcheck include dirs: 
[16.384s] -- Configured cppcheck exclude dirs and/or files: 
[16.400s] -- Added test 'cpplint' to check C / C++ code against the Google style
[16.400s] -- Configured cpplint exclude dirs and/or files: 
[16.405s] -- Added test 'flake8' to check Python code syntax and style conventions
[16.412s] -- Added test 'lint_cmake' to check CMake code style
[16.415s] -- Added test 'pep257' to check Python code against some of the style conventions in PEP 257
[16.425s] -- Added test 'uncrustify' to check C / C++ code style
[16.426s] -- Configured uncrustify additional arguments: 
[16.430s] -- Added test 'xmllint' to check XML markup files
[16.468s] -- Configuring done
[16.634s] -- Generating done
[16.714s] -- Build files have been written to: /home/f1/f1tenth_ws/src/build/path_follow
[16.779s] Invoked command in '/home/f1/f1tenth_ws/src/build/path_follow' returned '0': CMAKE_PREFIX_PATH=/opt/ros/foxy /usr/bin/cmake /home/f1/f1tenth_ws/src/path_follow -DCMAKE_INSTALL_PREFIX=/home/f1/f1tenth_ws/src/install/path_follow
[16.800s] Invoking command in '/home/f1/f1tenth_ws/src/build/path_follow': CMAKE_PREFIX_PATH=/opt/ros/foxy /usr/bin/cmake --build /home/f1/f1tenth_ws/src/build/path_follow -- -j6 -l6
[17.599s] Scanning dependencies of target path_follow_node
[17.737s] [ 50%] Building CXX object CMakeFiles/path_follow_node.dir/src/path_follow_node.cpp.o
[18.632s] /home/f1/f1tenth_ws/src/path_follow/src/path_follow_node.cpp:9:10: fatal error: tf2_geometry_msgs/tf2_geometry_msgs.hpp: No such file or directory
[18.633s]     9 | #include <tf2_geometry_msgs/tf2_geometry_msgs.hpp>
[18.634s]       |          ^~~~~~~~~~~~~~~~~~~~~~~~~~~~~~~~~~~~~~~~~
[18.635s] compilation terminated.
[18.650s] make[2]: *** [CMakeFiles/path_follow_node.dir/build.make:63: CMakeFiles/path_follow_node.dir/src/path_follow_node.cpp.o] Error 1
[18.653s] make[1]: *** [CMakeFiles/Makefile2:78: CMakeFiles/path_follow_node.dir/all] Error 2
[18.653s] make: *** [Makefile:141: all] Error 2
[18.667s] Invoked command in '/home/f1/f1tenth_ws/src/build/path_follow' returned '2': CMAKE_PREFIX_PATH=/opt/ros/foxy /usr/bin/cmake --build /home/f1/f1tenth_ws/src/build/path_follow -- -j6 -l6
