[35m[1mScanning dependencies of target lidar_node[0m
[ 33%] [32mBuilding CXX object CMakeFiles/lidar_node.dir/src/lidar_node.cpp.o[0m
[01m[K/home/f1/f1tenth_ws/src/lidar_processing/src/lidar_node.cpp:[m[K In constructor â€˜[01m[KLidarNode::LidarNode()[m[Kâ€™:
[01m[K/home/f1/f1tenth_ws/src/lidar_processing/src/lidar_node.cpp:15:6:[m[K [01;31m[Kerror: [m[Kexpected â€˜[01m[K;[m[Kâ€™ before â€˜[01m[Kpub_[m[Kâ€™
   15 |     )
      |      [01;31m[K^[m[K
      |      [32m[K;[m[K
   16 | 
   17 |     [32m[Kpub_[m[K = create_publisher<sensor_msgs::msg::PointCloud2>(
      |     [32m[K~~~~[m[K
make[2]: *** [CMakeFiles/lidar_node.dir/build.make:63: CMakeFiles/lidar_node.dir/src/lidar_node.cpp.o] Error 1
make[1]: *** [CMakeFiles/Makefile2:78: CMakeFiles/lidar_node.dir/all] Error 2
make: *** [Makefile:141: all] Error 2
