[01m[K/home/f1/f1tenth_ws/src/path_planner/src/min_curvature_planner.cpp:3:1:[m[K [01;31m[Kerror: [m[Kexpected unqualified-id before â€˜[01m[Kprivate[m[Kâ€™
    3 | [01;31m[Kprivate[m[K:
      | [01;31m[K^~~~~~~[m[K
[01m[K/home/f1/f1tenth_ws/src/path_planner/src/min_curvature_planner.cpp:49:10:[m[K [01;31m[Kerror: [m[Kâ€˜[01m[Kvector[m[Kâ€™ in namespace â€˜[01m[Kstd[m[Kâ€™ does not name a template type
   49 |     std::[01;31m[Kvector[m[K<GridPoint> findOuterBoundaryContour(const std::vector<std::vector<bool>>& free_space, int width, int height)
      |          [01;31m[K^~~~~~[m[K
[01m[K/home/f1/f1tenth_ws/src/path_planner/src/min_curvature_planner.cpp:1:1:[m[K [01;36m[Knote: [m[Kâ€˜[01m[Kstd::vector[m[Kâ€™ is defined in header â€˜[01m[K<vector>[m[Kâ€™; did you forget to â€˜[01m[K#include <vector>[m[Kâ€™?
  +++ |+[32m[K#include <vector>[m[K
    1 | // ê¸°ì¡´ ì½”ë“œì— ì¶”ê°€í•  í•¨ìˆ˜ë“¤
[01m[K/home/f1/f1tenth_ws/src/path_planner/src/min_curvature_planner.cpp:100:47:[m[K [01;31m[Kerror: [m[Kâ€˜[01m[Kvector[m[Kâ€™ in namespace â€˜[01m[Kstd[m[Kâ€™ does not name a template type
  100 |     void floodFillAndMarkComponent(const std::[01;31m[Kvector[m[K<std::vector<bool>>& free_space,
      |                                               [01;31m[K^~~~~~[m[K
[01m[K/home/f1/f1tenth_ws/src/path_planner/src/min_curvature_planner.cpp:100:42:[m[K [01;36m[Knote: [m[Kâ€˜[01m[Kstd::vector[m[Kâ€™ is defined in header â€˜[01m[K<vector>[m[Kâ€™; did you forget to â€˜[01m[K#include <vector>[m[Kâ€™?
  100 |     void floodFillAndMarkComponent(const [01;36m[Kstd[m[K::vector<std::vector<bool>>& free_space,
      |                                          [01;36m[K^~~[m[K
[01m[K/home/f1/f1tenth_ws/src/path_planner/src/min_curvature_planner.cpp:100:53:[m[K [01;31m[Kerror: [m[Kexpected â€˜[01m[K,[m[Kâ€™ or â€˜[01m[K...[m[Kâ€™ before â€˜[01m[K<[m[Kâ€™ token
  100 |     void floodFillAndMarkComponent(const std::vector[01;31m[K<[m[Kstd::vector<bool>>& free_space,
      |                                                     [01;31m[K^[m[K
[01m[K/home/f1/f1tenth_ws/src/path_planner/src/min_curvature_planner.cpp:[m[K In function â€˜[01m[Kvoid floodFillAndMarkComponent(int)[m[Kâ€™:
[01m[K/home/f1/f1tenth_ws/src/path_planner/src/min_curvature_planner.cpp:107:14:[m[K [01;31m[Kerror: [m[Kâ€˜[01m[Kqueue[m[Kâ€™ is not a member of â€˜[01m[Kstd[m[Kâ€™
  107 |         std::[01;31m[Kqueue[m[K<GridPoint> queue;
      |              [01;31m[K^~~~~[m[K
[01m[K/home/f1/f1tenth_ws/src/path_planner/src/min_curvature_planner.cpp:1:1:[m[K [01;36m[Knote: [m[Kâ€˜[01m[Kstd::queue[m[Kâ€™ is defined in header â€˜[01m[K<queue>[m[Kâ€™; did you forget to â€˜[01m[K#include <queue>[m[Kâ€™?
  +++ |+[32m[K#include <queue>[m[K
    1 | // ê¸°ì¡´ ì½”ë“œì— ì¶”ê°€í•  í•¨ìˆ˜ë“¤
[01m[K/home/f1/f1tenth_ws/src/path_planner/src/min_curvature_planner.cpp:107:20:[m[K [01;31m[Kerror: [m[Kâ€˜[01m[KGridPoint[m[Kâ€™ was not declared in this scope
  107 |         std::queue<[01;31m[KGridPoint[m[K> queue;
      |                    [01;31m[K^~~~~~~~~[m[K
[01m[K/home/f1/f1tenth_ws/src/path_planner/src/min_curvature_planner.cpp:107:31:[m[K [01;31m[Kerror: [m[Kâ€˜[01m[Kqueue[m[Kâ€™ was not declared in this scope
  107 |         std::queue<GridPoint> [01;31m[Kqueue[m[K;
      |                               [01;31m[K^~~~~[m[K
[01m[K/home/f1/f1tenth_ws/src/path_planner/src/min_curvature_planner.cpp:108:30:[m[K [01;31m[Kerror: [m[Kâ€˜[01m[Kstart_x[m[Kâ€™ was not declared in this scope
  108 |         queue.push(GridPoint([01;31m[Kstart_x[m[K, start_y));
      |                              [01;31m[K^~~~~~~[m[K
[01m[K/home/f1/f1tenth_ws/src/path_planner/src/min_curvature_planner.cpp:108:39:[m[K [01;31m[Kerror: [m[Kâ€˜[01m[Kstart_y[m[Kâ€™ was not declared in this scope
  108 |         queue.push(GridPoint(start_x, [01;31m[Kstart_y[m[K));
      |                                       [01;31m[K^~~~~~~[m[K
[01m[K/home/f1/f1tenth_ws/src/path_planner/src/min_curvature_planner.cpp:109:9:[m[K [01;31m[Kerror: [m[Kâ€˜[01m[Kvisited[m[Kâ€™ was not declared in this scope
  109 |         [01;31m[Kvisited[m[K[start_y][start_x] = true;
      |         [01;31m[K^~~~~~~[m[K
[01m[K/home/f1/f1tenth_ws/src/path_planner/src/min_curvature_planner.cpp:110:9:[m[K [01;31m[Kerror: [m[Kâ€˜[01m[Kcomponent_map[m[Kâ€™ was not declared in this scope
  110 |         [01;31m[Kcomponent_map[m[K[start_y][start_x] = component_id;
      |         [01;31m[K^~~~~~~~~~~~~[m[K
[01m[K/home/f1/f1tenth_ws/src/path_planner/src/min_curvature_planner.cpp:110:43:[m[K [01;31m[Kerror: [m[Kâ€˜[01m[Kcomponent_id[m[Kâ€™ was not declared in this scope
  110 |         component_map[start_y][start_x] = [01;31m[Kcomponent_id[m[K;
      |                                           [01;31m[K^~~~~~~~~~~~[m[K
[01m[K/home/f1/f1tenth_ws/src/path_planner/src/min_curvature_planner.cpp:116:22:[m[K [01;31m[Kerror: [m[Kexpected â€˜[01m[K;[m[Kâ€™ before â€˜[01m[Kcurrent[m[Kâ€™
  116 |             GridPoint[01;31m[K [m[K[32m[Kcurrent[m[K = queue.front();
      |                      [01;31m[K^[m[K[32m[K~~~~~~~[m[K
      |                      [32m[K;[m[K
[01m[K/home/f1/f1tenth_ws/src/path_planner/src/min_curvature_planner.cpp:118:13:[m[K [01;31m[Kerror: [m[Kâ€˜[01m[Kcomponent_points[m[Kâ€™ was not declared in this scope
  118 |             [01;31m[Kcomponent_points[m[K.push_back(current);
      |             [01;31m[K^~~~~~~~~~~~~~~~[m[K
[01m[K/home/f1/f1tenth_ws/src/path_planner/src/min_curvature_planner.cpp:118:40:[m[K [01;31m[Kerror: [m[Kâ€˜[01m[Kcurrent[m[Kâ€™ was not declared in this scope
  118 |             component_points.push_back([01;31m[Kcurrent[m[K);
      |                                        [01;31m[K^~~~~~~[m[K
[01m[K/home/f1/f1tenth_ws/src/path_planner/src/min_curvature_planner.cpp:124:37:[m[K [01;31m[Kerror: [m[Kâ€˜[01m[Kwidth[m[Kâ€™ was not declared in this scope
  124 |                 if (nx >= 0 && nx < [01;31m[Kwidth[m[K && ny >= 0 && ny < height &&
      |                                     [01;31m[K^~~~~[m[K
[01m[K/home/f1/f1tenth_ws/src/path_planner/src/min_curvature_planner.cpp:124:62:[m[K [01;31m[Kerror: [m[Kâ€˜[01m[Kheight[m[Kâ€™ was not declared in this scope
  124 |                 if (nx >= 0 && nx < width && ny >= 0 && ny < [01;31m[Kheight[m[K &&
      |                                                              [01;31m[K^~~~~~[m[K
[01m[K/home/f1/f1tenth_ws/src/path_planner/src/min_curvature_planner.cpp:125:21:[m[K [01;31m[Kerror: [m[Kâ€˜[01m[Kfree_space[m[Kâ€™ was not declared in this scope
  125 |                     [01;31m[Kfree_space[m[K[ny][nx] && !visited[ny][nx]) {
      |                     [01;31m[K^~~~~~~~~~[m[K
[01m[K/home/f1/f1tenth_ws/src/path_planner/src/min_curvature_planner.cpp:[m[K At global scope:
[01m[K/home/f1/f1tenth_ws/src/path_planner/src/min_curvature_planner.cpp:135:10:[m[K [01;31m[Kerror: [m[Kâ€˜[01m[Kvector[m[Kâ€™ in namespace â€˜[01m[Kstd[m[Kâ€™ does not name a template type
  135 |     std::[01;31m[Kvector[m[K<GridPoint> extractContour(const std::vector<GridPoint>& component_points,
      |          [01;31m[K^~~~~~[m[K
[01m[K/home/f1/f1tenth_ws/src/path_planner/src/min_curvature_planner.cpp:135:5:[m[K [01;36m[Knote: [m[Kâ€˜[01m[Kstd::vector[m[Kâ€™ is defined in header â€˜[01m[K<vector>[m[Kâ€™; did you forget to â€˜[01m[K#include <vector>[m[Kâ€™?
  135 |     [01;36m[Kstd[m[K::vector<GridPoint> extractContour(const std::vector<GridPoint>& component_points,
      |     [01;36m[K^~~[m[K
[01m[K/home/f1/f1tenth_ws/src/path_planner/src/min_curvature_planner.cpp:186:52:[m[K [01;31m[Kerror: [m[Kâ€˜[01m[Kvector[m[Kâ€™ in namespace â€˜[01m[Kstd[m[Kâ€™ does not name a template type
  186 |     double calculateContourBoundingArea(const std::[01;31m[Kvector[m[K<GridPoint>& contour)
      |                                                    [01;31m[K^~~~~~[m[K
[01m[K/home/f1/f1tenth_ws/src/path_planner/src/min_curvature_planner.cpp:186:47:[m[K [01;36m[Knote: [m[Kâ€˜[01m[Kstd::vector[m[Kâ€™ is defined in header â€˜[01m[K<vector>[m[Kâ€™; did you forget to â€˜[01m[K#include <vector>[m[Kâ€™?
  186 |     double calculateContourBoundingArea(const [01;36m[Kstd[m[K::vector<GridPoint>& contour)
      |                                               [01;36m[K^~~[m[K
[01m[K/home/f1/f1tenth_ws/src/path_planner/src/min_curvature_planner.cpp:186:58:[m[K [01;31m[Kerror: [m[Kexpected â€˜[01m[K,[m[Kâ€™ or â€˜[01m[K...[m[Kâ€™ before â€˜[01m[K<[m[Kâ€™ token
  186 |     double calculateContourBoundingArea(const std::vector[01;31m[K<[m[KGridPoint>& contour)
      |                                                          [01;31m[K^[m[K
[01m[K/home/f1/f1tenth_ws/src/path_planner/src/min_curvature_planner.cpp:[m[K In function â€˜[01m[Kdouble calculateContourBoundingArea(int)[m[Kâ€™:
[01m[K/home/f1/f1tenth_ws/src/path_planner/src/min_curvature_planner.cpp:188:13:[m[K [01;31m[Kerror: [m[Kâ€˜[01m[Kcontour[m[Kâ€™ was not declared in this scope
  188 |         if ([01;31m[Kcontour[m[K.empty()) return 0;
      |             [01;31m[K^~~~~~~[m[K
[01m[K/home/f1/f1tenth_ws/src/path_planner/src/min_curvature_planner.cpp:190:21:[m[K [01;31m[Kerror: [m[Kâ€˜[01m[Kcontour[m[Kâ€™ was not declared in this scope
  190 |         int min_x = [01;31m[Kcontour[m[K[0].x, max_x = contour[0].x;
      |                     [01;31m[K^~~~~~~[m[K
[01m[K/home/f1/f1tenth_ws/src/path_planner/src/min_curvature_planner.cpp:194:26:[m[K [01;31m[Kerror: [m[Kâ€˜[01m[Kmin[m[Kâ€™ is not a member of â€˜[01m[Kstd[m[Kâ€™
  194 |             min_x = std::[01;31m[Kmin[m[K(min_x, point.x);
      |                          [01;31m[K^~~[m[K
[01m[K/home/f1/f1tenth_ws/src/path_planner/src/min_curvature_planner.cpp:195:13:[m[K [01;31m[Kerror: [m[Kâ€˜[01m[Kmax_x[m[Kâ€™ was not declared in this scope
  195 |             [01;31m[Kmax_x[m[K = std::max(max_x, point.x);
      |             [01;31m[K^~~~~[m[K
[01m[K/home/f1/f1tenth_ws/src/path_planner/src/min_curvature_planner.cpp:195:26:[m[K [01;31m[Kerror: [m[Kâ€˜[01m[Kmax[m[Kâ€™ is not a member of â€˜[01m[Kstd[m[Kâ€™
  195 |             max_x = std::[01;31m[Kmax[m[K(max_x, point.x);
      |                          [01;31m[K^~~[m[K
[01m[K/home/f1/f1tenth_ws/src/path_planner/src/min_curvature_planner.cpp:196:26:[m[K [01;31m[Kerror: [m[Kâ€˜[01m[Kmin[m[Kâ€™ is not a member of â€˜[01m[Kstd[m[Kâ€™
  196 |             min_y = std::[01;31m[Kmin[m[K(min_y, point.y);
      |                          [01;31m[K^~~[m[K
[01m[K/home/f1/f1tenth_ws/src/path_planner/src/min_curvature_planner.cpp:197:13:[m[K [01;31m[Kerror: [m[Kâ€˜[01m[Kmax_y[m[Kâ€™ was not declared in this scope
  197 |             [01;31m[Kmax_y[m[K = std::max(max_y, point.y);
      |             [01;31m[K^~~~~[m[K
[01m[K/home/f1/f1tenth_ws/src/path_planner/src/min_curvature_planner.cpp:197:26:[m[K [01;31m[Kerror: [m[Kâ€˜[01m[Kmax[m[Kâ€™ is not a member of â€˜[01m[Kstd[m[Kâ€™
  197 |             max_y = std::[01;31m[Kmax[m[K(max_y, point.y);
      |                          [01;31m[K^~~[m[K
[01m[K/home/f1/f1tenth_ws/src/path_planner/src/min_curvature_planner.cpp:200:37:[m[K [01;31m[Kerror: [m[Kâ€˜[01m[Kmax_x[m[Kâ€™ was not declared in this scope
  200 |         return static_cast<double>(([01;31m[Kmax_x[m[K - min_x) * (max_y - min_y));
      |                                     [01;31m[K^~~~~[m[K
[01m[K/home/f1/f1tenth_ws/src/path_planner/src/min_curvature_planner.cpp:200:55:[m[K [01;31m[Kerror: [m[Kâ€˜[01m[Kmax_y[m[Kâ€™ was not declared in this scope
  200 |         return static_cast<double>((max_x - min_x) * ([01;31m[Kmax_y[m[K - min_y));
      |                                                       [01;31m[K^~~~~[m[K
[01m[K/home/f1/f1tenth_ws/src/path_planner/src/min_curvature_planner.cpp:[m[K At global scope:
[01m[K/home/f1/f1tenth_ws/src/path_planner/src/min_curvature_planner.cpp:204:10:[m[K [01;31m[Kerror: [m[Kâ€˜[01m[Kvector[m[Kâ€™ in namespace â€˜[01m[Kstd[m[Kâ€™ does not name a template type
  204 |     std::[01;31m[Kvector[m[K<std::vector<bool>> createInteriorMask(const std::vector<GridPoint>& boundary,
      |          [01;31m[K^~~~~~[m[K
[01m[K/home/f1/f1tenth_ws/src/path_planner/src/min_curvature_planner.cpp:204:5:[m[K [01;36m[Knote: [m[Kâ€˜[01m[Kstd::vector[m[Kâ€™ is defined in header â€˜[01m[K<vector>[m[Kâ€™; did you forget to â€˜[01m[K#include <vector>[m[Kâ€™?
  204 |     [01;36m[Kstd[m[K::vector<std::vector<bool>> createInteriorMask(const std::vector<GridPoint>& boundary,
      |     [01;36m[K^~~[m[K
[01m[K/home/f1/f1tenth_ws/src/path_planner/src/min_curvature_planner.cpp:221:56:[m[K [01;31m[Kerror: [m[Kâ€˜[01m[Kvector[m[Kâ€™ in namespace â€˜[01m[Kstd[m[Kâ€™ does not name a template type
  221 |     bool isPointInsidePolygon(int x, int y, const std::[01;31m[Kvector[m[K<GridPoint>& polygon)
      |                                                        [01;31m[K^~~~~~[m[K
[01m[K/home/f1/f1tenth_ws/src/path_planner/src/min_curvature_planner.cpp:221:51:[m[K [01;36m[Knote: [m[Kâ€˜[01m[Kstd::vector[m[Kâ€™ is defined in header â€˜[01m[K<vector>[m[Kâ€™; did you forget to â€˜[01m[K#include <vector>[m[Kâ€™?
  221 |     bool isPointInsidePolygon(int x, int y, const [01;36m[Kstd[m[K::vector<GridPoint>& polygon)
      |                                                   [01;36m[K^~~[m[K
[01m[K/home/f1/f1tenth_ws/src/path_planner/src/min_curvature_planner.cpp:221:62:[m[K [01;31m[Kerror: [m[Kexpected â€˜[01m[K,[m[Kâ€™ or â€˜[01m[K...[m[Kâ€™ before â€˜[01m[K<[m[Kâ€™ token
  221 |     bool isPointInsidePolygon(int x, int y, const std::vector[01;31m[K<[m[KGridPoint>& polygon)
      |                                                              [01;31m[K^[m[K
[01m[K/home/f1/f1tenth_ws/src/path_planner/src/min_curvature_planner.cpp:[m[K In function â€˜[01m[Kbool isPointInsidePolygon(int, int, int)[m[Kâ€™:
[01m[K/home/f1/f1tenth_ws/src/path_planner/src/min_curvature_planner.cpp:223:13:[m[K [01;31m[Kerror: [m[Kâ€˜[01m[Kpolygon[m[Kâ€™ was not declared in this scope
  223 |         if ([01;31m[Kpolygon[m[K.size() < 3) return false;
      |             [01;31m[K^~~~~~~[m[K
[01m[K/home/f1/f1tenth_ws/src/path_planner/src/min_curvature_planner.cpp:226:17:[m[K [01;31m[Kerror: [m[Kâ€˜[01m[Kpolygon[m[Kâ€™ was not declared in this scope
  226 |         int n = [01;31m[Kpolygon[m[K.size();
      |                 [01;31m[K^~~~~~~[m[K
[01m[K/home/f1/f1tenth_ws/src/path_planner/src/min_curvature_planner.cpp:235:19:[m[K [01;31m[Kerror: [m[Kâ€˜[01m[Ky1[m[Kâ€™ was not declared in this scope; did you mean â€˜[01m[Kx1[m[Kâ€™?
  235 |             if ((([01;31m[Ky1[m[K > y) != (y2 > y)) &&
      |                   [01;31m[K^~[m[K
      |                   [32m[Kx1[m[K
[01m[K/home/f1/f1tenth_ws/src/path_planner/src/min_curvature_planner.cpp:235:31:[m[K [01;31m[Kerror: [m[Kâ€˜[01m[Ky2[m[Kâ€™ was not declared in this scope; did you mean â€˜[01m[Kx2[m[Kâ€™?
  235 |             if (((y1 > y) != ([01;31m[Ky2[m[K > y)) &&
      |                               [01;31m[K^~[m[K
      |                               [32m[Kx2[m[K
[01m[K/home/f1/f1tenth_ws/src/path_planner/src/min_curvature_planner.cpp:[m[K In function â€˜[01m[Kbool detectTrackBoundary()[m[Kâ€™:
[01m[K/home/f1/f1tenth_ws/src/path_planner/src/min_curvature_planner.cpp:247:14:[m[K [01;31m[Kerror: [m[Kâ€˜[01m[Kmap_data_[m[Kâ€™ was not declared in this scope
  247 |         if (![01;31m[Kmap_data_[m[K) return false;
      |              [01;31m[K^~~~~~~~~[m[K
[01m[K/home/f1/f1tenth_ws/src/path_planner/src/min_curvature_planner.cpp:249:21:[m[K [01;31m[Kerror: [m[Kâ€˜[01m[Kmap_data_[m[Kâ€™ was not declared in this scope
  249 |         int width = [01;31m[Kmap_data_[m[K->info.width;
      |                     [01;31m[K^~~~~~~~~[m[K
[01m[K/home/f1/f1tenth_ws/src/path_planner/src/min_curvature_planner.cpp:255:21:[m[K [01;31m[Kerror: [m[Kinvalid use of â€˜[01m[Kthis[m[Kâ€™ in non-member function
  255 |         RCLCPP_INFO([01;31m[Kthis[m[K->get_logger(), "ì™¸ê³½ íê³¡ì„  ê¸°ë°˜ íŠ¸ë™ ë°”ìš´ë”ë¦¬ ê²€ì¶œ ì‹œì‘...");
      |                     [01;31m[K^~~~[m[K
[01m[K/home/f1/f1tenth_ws/src/path_planner/src/min_curvature_planner.cpp:255:9:[m[K [01;31m[Kerror: [m[Kâ€˜[01m[KRCLCPP_INFO[m[Kâ€™ was not declared in this scope
  255 |         [01;31m[KRCLCPP_INFO[m[K(this->get_logger(), "ì™¸ê³½ íê³¡ì„  ê¸°ë°˜ íŠ¸ë™ ë°”ìš´ë”ë¦¬ ê²€ì¶œ ì‹œì‘...");
      |         [01;31m[K^~~~~~~~~~~[m[K
[01m[K/home/f1/f1tenth_ws/src/path_planner/src/min_curvature_planner.cpp:258:14:[m[K [01;31m[Kerror: [m[Kâ€˜[01m[Kvector[m[Kâ€™ is not a member of â€˜[01m[Kstd[m[Kâ€™
  258 |         std::[01;31m[Kvector[m[K<std::vector<bool>> valid_track_region = findTrackRegionWithinOuterBoundary();
      |              [01;31m[K^~~~~~[m[K
[01m[K/home/f1/f1tenth_ws/src/path_planner/src/min_curvature_planner.cpp:258:14:[m[K [01;36m[Knote: [m[Kâ€˜[01m[Kstd::vector[m[Kâ€™ is defined in header â€˜[01m[K<vector>[m[Kâ€™; did you forget to â€˜[01m[K#include <vector>[m[Kâ€™?
[01m[K/home/f1/f1tenth_ws/src/path_planner/src/min_curvature_planner.cpp:258:26:[m[K [01;31m[Kerror: [m[Kâ€˜[01m[Kvector[m[Kâ€™ is not a member of â€˜[01m[Kstd[m[Kâ€™
  258 |         std::vector<std::[01;31m[Kvector[m[K<bool>> valid_track_region = findTrackRegionWithinOuterBoundary();
      |                          [01;31m[K^~~~~~[m[K
[01m[K/home/f1/f1tenth_ws/src/path_planner/src/min_curvature_planner.cpp:258:26:[m[K [01;36m[Knote: [m[Kâ€˜[01m[Kstd::vector[m[Kâ€™ is defined in header â€˜[01m[K<vector>[m[Kâ€™; did you forget to â€˜[01m[K#include <vector>[m[Kâ€™?
[01m[K/home/f1/f1tenth_ws/src/path_planner/src/min_curvature_planner.cpp:258:33:[m[K [01;31m[Kerror: [m[Kexpected primary-expression before â€˜[01m[Kbool[m[Kâ€™
  258 |         std::vector<std::vector<[01;31m[Kbool[m[K>> valid_track_region = findTrackRegionWithinOuterBoundary();
      |                                 [01;31m[K^~~~[m[K
[01m[K/home/f1/f1tenth_ws/src/path_planner/src/min_curvature_planner.cpp:260:13:[m[K [01;31m[Kerror: [m[Kâ€˜[01m[Kvalid_track_region[m[Kâ€™ was not declared in this scope
  260 |         if ([01;31m[Kvalid_track_region[m[K.empty()) {
      |             [01;31m[K^~~~~~~~~~~~~~~~~~[m[K
[01m[K/home/f1/f1tenth_ws/src/path_planner/src/min_curvature_planner.cpp:261:25:[m[K [01;31m[Kerror: [m[Kinvalid use of â€˜[01m[Kthis[m[Kâ€™ in non-member function
  261 |             RCLCPP_WARN([01;31m[Kthis[m[K->get_logger(), "ìœ íš¨í•œ íŠ¸ë™ ì˜ì—­ì„ ì°¾ì„ ìˆ˜ ì—†ìŠµë‹ˆë‹¤.");
      |                         [01;31m[K^~~~[m[K
[01m[K/home/f1/f1tenth_ws/src/path_planner/src/min_curvature_planner.cpp:261:13:[m[K [01;31m[Kerror: [m[Kâ€˜[01m[KRCLCPP_WARN[m[Kâ€™ was not declared in this scope
  261 |             [01;31m[KRCLCPP_WARN[m[K(this->get_logger(), "ìœ íš¨í•œ íŠ¸ë™ ì˜ì—­ì„ ì°¾ì„ ìˆ˜ ì—†ìŠµë‹ˆë‹¤.");
      |             [01;31m[K^~~~~~~~~~~[m[K
[01m[K/home/f1/f1tenth_ws/src/path_planner/src/min_curvature_planner.cpp:266:14:[m[K [01;31m[Kerror: [m[Kâ€˜[01m[Kvector[m[Kâ€™ is not a member of â€˜[01m[Kstd[m[Kâ€™
  266 |         std::[01;31m[Kvector[m[K<GridPoint> boundary_points = extractBoundaryPoints(valid_track_region, width, height);
      |              [01;31m[K^~~~~~[m[K
[01m[K/home/f1/f1tenth_ws/src/path_planner/src/min_curvature_planner.cpp:266:14:[m[K [01;36m[Knote: [m[Kâ€˜[01m[Kstd::vector[m[Kâ€™ is defined in header â€˜[01m[K<vector>[m[Kâ€™; did you forget to â€˜[01m[K#include <vector>[m[Kâ€™?
[01m[K/home/f1/f1tenth_ws/src/path_planner/src/min_curvature_planner.cpp:266:21:[m[K [01;31m[Kerror: [m[Kâ€˜[01m[KGridPoint[m[Kâ€™ was not declared in this scope
  266 |         std::vector<[01;31m[KGridPoint[m[K> boundary_points = extractBoundaryPoints(valid_track_region, width, height);
      |                     [01;31m[K^~~~~~~~~[m[K
[01m[K/home/f1/f1tenth_ws/src/path_planner/src/min_curvature_planner.cpp:266:32:[m[K [01;31m[Kerror: [m[Kâ€˜[01m[Kboundary_points[m[Kâ€™ was not declared in this scope
  266 |         std::vector<GridPoint> [01;31m[Kboundary_points[m[K = extractBoundaryPoints(valid_track_region, width, height);
      |                                [01;31m[K^~~~~~~~~~~~~~~[m[K
[01m[K/home/f1/f1tenth_ws/src/path_planner/src/min_curvature_planner.cpp:266:72:[m[K [01;31m[Kerror: [m[Kâ€˜[01m[Kvalid_track_region[m[Kâ€™ was not declared in this scope
  266 |         std::vector<GridPoint> boundary_points = extractBoundaryPoints([01;31m[Kvalid_track_region[m[K, width, height);
      |                                                                        [01;31m[K^~~~~~~~~~~~~~~~~~[m[K
[01m[K/home/f1/f1tenth_ws/src/path_planner/src/min_curvature_planner.cpp:266:50:[m[K [01;31m[Kerror: [m[Kâ€˜[01m[KextractBoundaryPoints[m[Kâ€™ was not declared in this scope
  266 |         std::vector<GridPoint> boundary_points = [01;31m[KextractBoundaryPoints[m[K(valid_track_region, width, height);
      |                                                  [01;31m[K^~~~~~~~~~~~~~~~~~~~~[m[K
[01m[K/home/f1/f1tenth_ws/src/path_planner/src/min_curvature_planner.cpp:269:25:[m[K [01;31m[Kerror: [m[Kinvalid use of â€˜[01m[Kthis[m[Kâ€™ in non-member function
  269 |             RCLCPP_WARN([01;31m[Kthis[m[K->get_logger(), "ì¶©ë¶„í•œ íŠ¸ë™ ë°”ìš´ë”ë¦¬ í¬ì¸íŠ¸ë¥¼ ì°¾ì„ ìˆ˜ ì—†ìŠµë‹ˆë‹¤.");
      |                         [01;31m[K^~~~[m[K
[01m[K/home/f1/f1tenth_ws/src/path_planner/src/min_curvature_planner.cpp:269:13:[m[K [01;31m[Kerror: [m[Kâ€˜[01m[KRCLCPP_WARN[m[Kâ€™ was not declared in this scope
  269 |             [01;31m[KRCLCPP_WARN[m[K(this->get_logger(), "ì¶©ë¶„í•œ íŠ¸ë™ ë°”ìš´ë”ë¦¬ í¬ì¸íŠ¸ë¥¼ ì°¾ì„ ìˆ˜ ì—†ìŠµë‹ˆë‹¤.");
      |             [01;31m[K^~~~~~~~~~~[m[K
[01m[K/home/f1/f1tenth_ws/src/path_planner/src/min_curvature_planner.cpp:274:9:[m[K [01;31m[Kerror: [m[Kâ€˜[01m[Ktrack_boundary_[m[Kâ€™ was not declared in this scope
  274 |         [01;31m[Ktrack_boundary_[m[K.clear();
      |         [01;31m[K^~~~~~~~~~~~~~~[m[K
[01m[K/home/f1/f1tenth_ws/src/path_planner/src/min_curvature_planner.cpp:281:21:[m[K [01;31m[Kerror: [m[Kinvalid use of â€˜[01m[Kthis[m[Kâ€™ in non-member function
  281 |         RCLCPP_INFO([01;31m[Kthis[m[K->get_logger(), "ì™¸ê³½ íê³¡ì„  ê¸°ë°˜ íŠ¸ë™ ë°”ìš´ë”ë¦¬ ê²€ì¶œ ì™„ë£Œ: %zuê°œ í¬ì¸íŠ¸",
      |                     [01;31m[K^~~~[m[K
[01m[K/home/f1/f1tenth_ws/src/path_planner/src/min_curvature_planner.cpp:285:9:[m[K [01;31m[Kerror: [m[Kâ€˜[01m[KpublishBoundary[m[Kâ€™ was not declared in this scope
  285 |         [01;31m[KpublishBoundary[m[K();
      |         [01;31m[K^~~~~~~~~~~~~~~[m[K
[01m[K/home/f1/f1tenth_ws/src/path_planner/src/min_curvature_planner.cpp:[m[K In function â€˜[01m[Kvoid createTrackInteriorMask()[m[Kâ€™:
[01m[K/home/f1/f1tenth_ws/src/path_planner/src/min_curvature_planner.cpp:293:14:[m[K [01;31m[Kerror: [m[Kâ€˜[01m[Kmap_data_[m[Kâ€™ was not declared in this scope
  293 |         if (![01;31m[Kmap_data_[m[K) return;
      |              [01;31m[K^~~~~~~~~[m[K
[01m[K/home/f1/f1tenth_ws/src/path_planner/src/min_curvature_planner.cpp:295:21:[m[K [01;31m[Kerror: [m[Kâ€˜[01m[Kmap_data_[m[Kâ€™ was not declared in this scope
  295 |         int width = [01;31m[Kmap_data_[m[K->info.width;
      |                     [01;31m[K^~~~~~~~~[m[K
[01m[K/home/f1/f1tenth_ws/src/path_planner/src/min_curvature_planner.cpp:299:9:[m[K [01;31m[Kerror: [m[Kâ€˜[01m[Ktrack_interior_mask_[m[Kâ€™ was not declared in this scope
  299 |         [01;31m[Ktrack_interior_mask_[m[K = findTrackRegionWithinOuterBoundary();
      |         [01;31m[K^~~~~~~~~~~~~~~~~~~~[m[K
[01m[K/home/f1/f1tenth_ws/src/path_planner/src/min_curvature_planner.cpp:299:32:[m[K [01;31m[Kerror: [m[Kâ€˜[01m[KfindTrackRegionWithinOuterBoundary[m[Kâ€™ was not declared in this scope
  299 |         track_interior_mask_ = [01;31m[KfindTrackRegionWithinOuterBoundary[m[K();
      |                                [01;31m[K^~~~~~~~~~~~~~~~~~~~~~~~~~~~~~~~~~[m[K
[01m[K/home/f1/f1tenth_ws/src/path_planner/src/min_curvature_planner.cpp:302:13:[m[K [01;31m[Kerror: [m[Kâ€˜[01m[Kboundary_erosion_[m[Kâ€™ was not declared in this scope
  302 |         if ([01;31m[Kboundary_erosion_[m[K > 0) {
      |             [01;31m[K^~~~~~~~~~~~~~~~~[m[K
[01m[K/home/f1/f1tenth_ws/src/path_planner/src/min_curvature_planner.cpp:303:13:[m[K [01;31m[Kerror: [m[Kâ€˜[01m[KapplyErosion[m[Kâ€™ was not declared in this scope
  303 |             [01;31m[KapplyErosion[m[K(track_interior_mask_, boundary_erosion_, width, height);
      |             [01;31m[K^~~~~~~~~~~~[m[K
[01m[K/home/f1/f1tenth_ws/src/path_planner/src/min_curvature_planner.cpp:306:21:[m[K [01;31m[Kerror: [m[Kinvalid use of â€˜[01m[Kthis[m[Kâ€™ in non-member function
  306 |         RCLCPP_INFO([01;31m[Kthis[m[K->get_logger(), "ì™¸ê³½ íê³¡ì„  ê¸°ë°˜ íŠ¸ë™ ë‚´ë¶€ ë§ˆìŠ¤í¬ ìƒì„± ì™„ë£Œ");
      |                     [01;31m[K^~~~[m[K
[01m[K/home/f1/f1tenth_ws/src/path_planner/src/min_curvature_planner.cpp:306:9:[m[K [01;31m[Kerror: [m[Kâ€˜[01m[KRCLCPP_INFO[m[Kâ€™ was not declared in this scope
  306 |         [01;31m[KRCLCPP_INFO[m[K(this->get_logger(), "ì™¸ê³½ íê³¡ì„  ê¸°ë°˜ íŠ¸ë™ ë‚´ë¶€ ë§ˆìŠ¤í¬ ìƒì„± ì™„ë£Œ");
      |         [01;31m[K^~~~~~~~~~~[m[K
make[2]: *** [CMakeFiles/min_curvature_planner.dir/build.make:63: CMakeFiles/min_curvature_planner.dir/src/min_curvature_planner.cpp.o] Error 1
make[1]: *** [CMakeFiles/Makefile2:78: CMakeFiles/min_curvature_planner.dir/all] Error 2
make: *** [Makefile:141: all] Error 2
