[0.112s] Invoking command in '/home/f1/f1tenth_ws/build/vesc_driver': AMENT_PREFIX_PATH=/home/f1/f1tenth_ws/install/vesc_msgs:${AMENT_PREFIX_PATH} CMAKE_PREFIX_PATH=/home/f1/f1tenth_ws/install/vesc_msgs:/home/f1/f1tenth_ws/install/mouse_teleop:/home/f1/f1tenth_ws/install/key_teleop:/opt/ros/foxy LD_LIBRARY_PATH=/home/f1/f1tenth_ws/install/vesc_msgs/lib:${LD_LIBRARY_PATH} PYTHONPATH=/home/f1/f1tenth_ws/install/vesc_msgs/lib/python3.8/site-packages:${PYTHONPATH} /usr/bin/cmake /home/f1/f1tenth_ws/src/f1tenth_system/vesc/vesc_driver -DCMAKE_BUILD_TYPE=Release -DAMENT_CMAKE_SYMLINK_INSTALL=1 -DCMAKE_INSTALL_PREFIX=/home/f1/f1tenth_ws/install/vesc_driver
[0.555s] -- The C compiler identification is GNU 9.4.0
[0.964s] -- The CXX compiler identification is GNU 9.4.0
[0.998s] -- Check for working C compiler: /usr/bin/cc
[1.458s] -- Check for working C compiler: /usr/bin/cc -- works
[1.465s] -- Detecting C compiler ABI info
[1.963s] -- Detecting C compiler ABI info - done
[2.047s] -- Detecting C compile features
[2.049s] -- Detecting C compile features - done
[2.065s] -- Check for working CXX compiler: /usr/bin/c++
[2.609s] -- Check for working CXX compiler: /usr/bin/c++ -- works
[2.622s] -- Detecting CXX compiler ABI info
[3.148s] -- Detecting CXX compiler ABI info - done
[3.212s] -- Detecting CXX compile features
[3.215s] -- Detecting CXX compile features - done
[3.228s] -- Found ament_cmake_auto: 0.9.12 (/opt/ros/foxy/share/ament_cmake_auto/cmake)
[3.425s] -- Found PythonInterp: /usr/bin/python3 (found suitable version "3.8.10", minimum required is "3") 
[3.426s] -- Using PYTHON_EXECUTABLE: /usr/bin/python3
[4.565s] -- Override CMake install command with custom implementation using symlinks instead of copying resources
[5.365s] -- Using all available rosidl_typesupport_c: rosidl_typesupport_fastrtps_c;rosidl_typesupport_introspection_c
[5.406s] -- Found rosidl_adapter: 1.3.1 (/opt/ros/foxy/share/rosidl_adapter/cmake)
[5.950s] -- Found OpenSSL: /usr/lib/aarch64-linux-gnu/libcrypto.so (found version "1.1.1f")  
[6.106s] -- Found FastRTPS: /opt/ros/foxy/include  
[6.542s] -- Using all available rosidl_typesupport_cpp: rosidl_typesupport_fastrtps_cpp;rosidl_typesupport_introspection_cpp
[6.873s] -- Found rmw_implementation_cmake: 1.0.4 (/opt/ros/foxy/share/rmw_implementation_cmake/cmake)
[6.881s] -- Using RMW implementation 'rmw_fastrtps_cpp' as default
[6.886s] -- Looking for pthread.h
[7.345s] -- Looking for pthread.h - found
[7.346s] -- Performing Test CMAKE_HAVE_LIBC_PTHREAD
[7.824s] -- Performing Test CMAKE_HAVE_LIBC_PTHREAD - Failed
[7.825s] -- Looking for pthread_create in pthreads
[8.223s] -- Looking for pthread_create in pthreads - not found
[8.225s] -- Looking for pthread_create in pthread
[8.677s] -- Looking for pthread_create in pthread - found
[8.685s] -- Found Threads: TRUE  
[10.769s] -- Found ament_lint_auto: 0.9.8 (/opt/ros/foxy/share/ament_lint_auto/cmake)
[10.902s] -- Added test 'copyright' to check source files copyright and LICENSE
[10.918s] -- Added test 'cppcheck' to perform static code analysis on C / C++ code
[10.920s] -- Configured cppcheck include dirs: /home/f1/f1tenth_ws/src/f1tenth_system/vesc/vesc_driver/include
[10.921s] -- Configured cppcheck exclude dirs and/or files: 
[10.933s] -- Added test 'cpplint' to check C / C++ code against the Google style
[10.934s] -- Configured cpplint exclude dirs and/or files: 
[10.937s] -- Added test 'flake8' to check Python code syntax and style conventions
[10.942s] -- Added test 'lint_cmake' to check CMake code style
[10.946s] -- Added test 'pep257' to check Python code against some of the style conventions in PEP 257
[10.958s] -- Added test 'uncrustify' to check C / C++ code style
[10.959s] -- Configured uncrustify additional arguments: 
[10.962s] -- Added test 'xmllint' to check XML markup files
[11.007s] -- Configuring done
[11.135s] -- Generating done
[11.187s] -- Build files have been written to: /home/f1/f1tenth_ws/build/vesc_driver
[11.226s] Invoked command in '/home/f1/f1tenth_ws/build/vesc_driver' returned '0': AMENT_PREFIX_PATH=/home/f1/f1tenth_ws/install/vesc_msgs:${AMENT_PREFIX_PATH} CMAKE_PREFIX_PATH=/home/f1/f1tenth_ws/install/vesc_msgs:/home/f1/f1tenth_ws/install/mouse_teleop:/home/f1/f1tenth_ws/install/key_teleop:/opt/ros/foxy LD_LIBRARY_PATH=/home/f1/f1tenth_ws/install/vesc_msgs/lib:${LD_LIBRARY_PATH} PYTHONPATH=/home/f1/f1tenth_ws/install/vesc_msgs/lib/python3.8/site-packages:${PYTHONPATH} /usr/bin/cmake /home/f1/f1tenth_ws/src/f1tenth_system/vesc/vesc_driver -DCMAKE_BUILD_TYPE=Release -DAMENT_CMAKE_SYMLINK_INSTALL=1 -DCMAKE_INSTALL_PREFIX=/home/f1/f1tenth_ws/install/vesc_driver
[11.241s] Invoking command in '/home/f1/f1tenth_ws/build/vesc_driver': AMENT_PREFIX_PATH=/home/f1/f1tenth_ws/install/vesc_msgs:${AMENT_PREFIX_PATH} CMAKE_PREFIX_PATH=/home/f1/f1tenth_ws/install/vesc_msgs:/home/f1/f1tenth_ws/install/mouse_teleop:/home/f1/f1tenth_ws/install/key_teleop:/opt/ros/foxy LD_LIBRARY_PATH=/home/f1/f1tenth_ws/install/vesc_msgs/lib:${LD_LIBRARY_PATH} PYTHONPATH=/home/f1/f1tenth_ws/install/vesc_msgs/lib/python3.8/site-packages:${PYTHONPATH} /usr/bin/cmake --build /home/f1/f1tenth_ws/build/vesc_driver -- -j6 -l6
[11.477s] [35m[1mScanning dependencies of target vesc_driver_node[0m
[11.477s] [35m[1mScanning dependencies of target vesc_driver[0m
[11.761s] [ 10%] [32mBuilding CXX object CMakeFiles/vesc_driver_node.dir/rclcpp_components/node_main_vesc_driver_node.cpp.o[0m
[11.806s] [ 20%] [32mBuilding CXX object CMakeFiles/vesc_driver.dir/src/vesc_interface.cpp.o[0m
[11.808s] [ 30%] [32mBuilding CXX object CMakeFiles/vesc_driver.dir/src/vesc_driver.cpp.o[0m
[11.824s] [ 40%] [32mBuilding CXX object CMakeFiles/vesc_driver.dir/src/vesc_packet.cpp.o[0m
[11.844s] [ 50%] [32mBuilding CXX object CMakeFiles/vesc_driver.dir/src/vesc_packet_factory.cpp.o[0m
[12.329s] [01m[K/home/f1/f1tenth_ws/src/f1tenth_system/vesc/vesc_driver/src/vesc_interface.cpp:45:10:[m[K [01;31m[Kfatal error: [m[Kserial_driver/serial_driver.hpp: No such file or directory
[12.330s]    45 | #include [01;31m[K"serial_driver/serial_driver.hpp"[m[K
[12.330s]       |          [01;31m[K^~~~~~~~~~~~~~~~~~~~~~~~~~~~~~~~~[m[K
[12.330s] compilation terminated.
[12.359s] make[2]: *** [CMakeFiles/vesc_driver.dir/build.make:76: CMakeFiles/vesc_driver.dir/src/vesc_interface.cpp.o] Error 1
[12.359s] make[2]: *** Waiting for unfinished jobs....
[31.411s] [ 60%] [32m[1mLinking CXX executable vesc_driver_node[0m
[32.538s] [ 60%] Built target vesc_driver_node
[72.265s] make[1]: *** [CMakeFiles/Makefile2:136: CMakeFiles/vesc_driver.dir/all] Error 2
[72.266s] make: *** [Makefile:141: all] Error 2
[72.278s] Invoked command in '/home/f1/f1tenth_ws/build/vesc_driver' returned '2': AMENT_PREFIX_PATH=/home/f1/f1tenth_ws/install/vesc_msgs:${AMENT_PREFIX_PATH} CMAKE_PREFIX_PATH=/home/f1/f1tenth_ws/install/vesc_msgs:/home/f1/f1tenth_ws/install/mouse_teleop:/home/f1/f1tenth_ws/install/key_teleop:/opt/ros/foxy LD_LIBRARY_PATH=/home/f1/f1tenth_ws/install/vesc_msgs/lib:${LD_LIBRARY_PATH} PYTHONPATH=/home/f1/f1tenth_ws/install/vesc_msgs/lib/python3.8/site-packages:${PYTHONPATH} /usr/bin/cmake --build /home/f1/f1tenth_ws/build/vesc_driver -- -j6 -l6
