[0.073s] Invoking command in '/home/f1/f1tenth_ws/build/path_planner': CMAKE_PREFIX_PATH=/opt/ros/foxy /usr/bin/cmake /home/f1/f1tenth_ws/src/path_planner -DCMAKE_INSTALL_PREFIX=/home/f1/f1tenth_ws/install/path_planner
[0.183s] -- Found ament_cmake: 0.9.12 (/opt/ros/foxy/share/ament_cmake/cmake)
[0.323s] -- Using PYTHON_EXECUTABLE: /usr/bin/python3
[1.356s] -- Override CMake install command with custom implementation using symlinks instead of copying resources
[1.406s] -- Found rclcpp: 2.4.3 (/opt/ros/foxy/share/rclcpp/cmake)
[1.622s] -- Using all available rosidl_typesupport_c: rosidl_typesupport_fastrtps_c;rosidl_typesupport_introspection_c
[1.646s] -- Found rosidl_adapter: 1.3.1 (/opt/ros/foxy/share/rosidl_adapter/cmake)
[2.357s] -- Using all available rosidl_typesupport_cpp: rosidl_typesupport_fastrtps_cpp;rosidl_typesupport_introspection_cpp
[2.658s] -- Found rmw_implementation_cmake: 1.0.4 (/opt/ros/foxy/share/rmw_implementation_cmake/cmake)
[2.666s] -- Using RMW implementation 'rmw_fastrtps_cpp' as default
[3.406s] -- Found geometry_msgs: 2.0.5 (/opt/ros/foxy/share/geometry_msgs/cmake)
[3.577s] -- Found nav_msgs: 2.0.5 (/opt/ros/foxy/share/nav_msgs/cmake)
[3.915s] -- Found tf2_ros: 0.13.14 (/opt/ros/foxy/share/tf2_ros/cmake)
[5.445s] -- Found tf2_geometry_msgs: 0.13.14 (/opt/ros/foxy/share/tf2_geometry_msgs/cmake)
[5.475s] -- Found eigen3_cmake_module: 0.1.1 (/opt/ros/foxy/share/eigen3_cmake_module/cmake)
[5.609s] -- Found ament_lint_auto: 0.9.8 (/opt/ros/foxy/share/ament_lint_auto/cmake)
[5.995s] -- Added test 'copyright' to check source files copyright and LICENSE
[6.006s] -- Added test 'cppcheck' to perform static code analysis on C / C++ code
[6.008s] -- Configured cppcheck include dirs: 
[6.009s] -- Configured cppcheck exclude dirs and/or files: 
[6.017s] -- Added test 'cpplint' to check C / C++ code against the Google style
[6.018s] -- Configured cpplint exclude dirs and/or files: 
[6.019s] -- Added test 'flake8' to check Python code syntax and style conventions
[6.023s] -- Added test 'lint_cmake' to check CMake code style
[6.026s] -- Added test 'pep257' to check Python code against some of the style conventions in PEP 257
[6.032s] -- Added test 'uncrustify' to check C / C++ code style
[6.033s] -- Configured uncrustify additional arguments: 
[6.035s] -- Added test 'xmllint' to check XML markup files
[6.066s] -- Configuring done
[6.165s] -- Generating done
[6.205s] -- Build files have been written to: /home/f1/f1tenth_ws/build/path_planner
[6.251s] Invoked command in '/home/f1/f1tenth_ws/build/path_planner' returned '0': CMAKE_PREFIX_PATH=/opt/ros/foxy /usr/bin/cmake /home/f1/f1tenth_ws/src/path_planner -DCMAKE_INSTALL_PREFIX=/home/f1/f1tenth_ws/install/path_planner
[6.282s] Invoking command in '/home/f1/f1tenth_ws/build/path_planner': CMAKE_PREFIX_PATH=/opt/ros/foxy /usr/bin/cmake --build /home/f1/f1tenth_ws/build/path_planner -- -j6 -l6
[6.564s] [35m[1mScanning dependencies of target min_curvature_planner[0m
[6.860s] [ 50%] [32mBuilding CXX object CMakeFiles/min_curvature_planner.dir/src/min_curvature_planner.cpp.o[0m
[7.550s] [01m[K/home/f1/f1tenth_ws/src/path_planner/src/min_curvature_planner.cpp:6:10:[m[K [01;31m[Kfatal error: [m[Kopencv2/opencv.hpp: No such file or directory
[7.551s]     6 | #include [01;31m[K<opencv2/opencv.hpp>[m[K
[7.551s]       |          [01;31m[K^~~~~~~~~~~~~~~~~~~~[m[K
[7.552s] compilation terminated.
[7.565s] make[2]: *** [CMakeFiles/min_curvature_planner.dir/build.make:63: CMakeFiles/min_curvature_planner.dir/src/min_curvature_planner.cpp.o] Error 1
[7.567s] make[1]: *** [CMakeFiles/Makefile2:78: CMakeFiles/min_curvature_planner.dir/all] Error 2
[7.568s] make: *** [Makefile:141: all] Error 2
[7.591s] Invoked command in '/home/f1/f1tenth_ws/build/path_planner' returned '2': CMAKE_PREFIX_PATH=/opt/ros/foxy /usr/bin/cmake --build /home/f1/f1tenth_ws/build/path_planner -- -j6 -l6
